0 silly argv {
0 silly argv   _: [ 'run' ],
0 silly argv   parallel: true,
0 silly argv   lernaVersion: '3.19.0',
0 silly argv   '$0': '/home/stelly/Documents/Projects/2019/Work/Energy_Smart/Site/node_modules/.bin/lerna',
0 silly argv   script: 'start'
0 silly argv }
1 notice cli v3.19.0
2 verbose rootPath /home/stelly/Documents/Projects/2019/Work/Energy_Smart/Site
3 info Executing command in 2 packages: "npm run start"
4 silly npmRunScript.stream [ 'start', [], 'esyes' ]
5 silly getExecOpts /home/stelly/Documents/Projects/2019/Work/Energy_Smart/Site/studio undefined
6 silly npmRunScript.stream [ 'start', [], 'gatsby-starter-hello-world' ]
7 silly getExecOpts /home/stelly/Documents/Projects/2019/Work/Energy_Smart/Site/web undefined
8 error MaxBufferError: stdout maxBuffer exceeded
8 error     at PassThrough.<anonymous> (/home/stelly/Documents/Projects/2019/Work/Energy_Smart/Site/node_modules/get-stream/index.js:41:19)
8 error     at PassThrough.emit (events.js:215:7)
8 error     at addChunk (_stream_readable.js:309:12)
8 error     at readableAddChunk (_stream_readable.js:286:13)
8 error     at PassThrough.Readable.push (_stream_readable.js:224:10)
8 error     at PassThrough.Transform.push (_stream_transform.js:150:32)
8 error     at PassThrough.afterTransform (_stream_transform.js:94:10)
8 error     at PassThrough._transform (_stream_passthrough.js:44:3)
8 error     at PassThrough.Transform._read (_stream_transform.js:189:10)
